[debug] [2020-08-21T14:09:42.377Z] ----------------------------------------------------------------------
[debug] [2020-08-21T14:09:42.379Z] Command:       C:\Program Files\nodejs\node.exe C:\Users\Nero\AppData\Roaming\npm\node_modules\firebase-tools\lib\bin\firebase.js deploy
[debug] [2020-08-21T14:09:42.379Z] CLI Version:   8.8.1
[debug] [2020-08-21T14:09:42.379Z] Platform:      win32
[debug] [2020-08-21T14:09:42.379Z] Node Version:  v12.18.1
[debug] [2020-08-21T14:09:42.379Z] Time:          Fri Aug 21 2020 21:09:42 GMT+0700 (Indochina Time)
[debug] [2020-08-21T14:09:42.379Z] ----------------------------------------------------------------------
[debug] [2020-08-21T14:09:42.380Z] 
[debug] [2020-08-21T14:09:42.385Z] > command requires scopes: ["email","openid","https://www.googleapis.com/auth/cloudplatformprojects.readonly","https://www.googleapis.com/auth/firebase","https://www.googleapis.com/auth/cloud-platform"]
[debug] [2020-08-21T14:09:42.386Z] > authorizing via signed-in user
[debug] [2020-08-21T14:09:42.386Z] [iam] checking project kelly-makes-vlog for permissions ["firebase.projects.get","firebasehosting.sites.update"]
[debug] [2020-08-21T14:09:42.388Z] > refreshing access token with scopes: ["email","https://www.googleapis.com/auth/cloud-platform","https://www.googleapis.com/auth/cloudplatformprojects.readonly","https://www.googleapis.com/auth/firebase","openid"]
[debug] [2020-08-21T14:09:42.388Z] >>> HTTP REQUEST POST https://www.googleapis.com/oauth2/v3/token  
 <request body omitted>
[debug] [2020-08-21T14:09:42.591Z] <<< HTTP RESPONSE 200 {"content-type":"application/json; charset=utf-8","vary":"X-Origin, Referer, Origin,Accept-Encoding","date":"Fri, 21 Aug 2020 14:09:44 GMT","server":"scaffolding on HTTPServer2","cache-control":"private","x-xss-protection":"0","x-frame-options":"SAMEORIGIN","x-content-type-options":"nosniff","alt-svc":"h3-29=\":443\"; ma=2592000,h3-27=\":443\"; ma=2592000,h3-T050=\":443\"; ma=2592000,h3-Q050=\":443\"; ma=2592000,h3-Q046=\":443\"; ma=2592000,h3-Q043=\":443\"; ma=2592000,quic=\":443\"; ma=2592000; v=\"46,43\"","accept-ranges":"none","transfer-encoding":"chunked"}
[debug] [2020-08-21T14:09:42.595Z] >>> HTTP REQUEST POST https://cloudresourcemanager.googleapis.com/v1/projects/kelly-makes-vlog:testIamPermissions  
 {"permissions":["firebase.projects.get","firebasehosting.sites.update"]}
[debug] [2020-08-21T14:09:43.577Z] <<< HTTP RESPONSE 200 {"content-type":"application/json; charset=UTF-8","vary":"X-Origin, Referer, Origin,Accept-Encoding","date":"Fri, 21 Aug 2020 14:09:44 GMT","server":"ESF","cache-control":"private","x-xss-protection":"0","x-frame-options":"SAMEORIGIN","x-content-type-options":"nosniff","server-timing":"gfet4t7; dur=825","alt-svc":"h3-29=\":443\"; ma=2592000,h3-27=\":443\"; ma=2592000,h3-T050=\":443\"; ma=2592000,h3-Q050=\":443\"; ma=2592000,h3-Q046=\":443\"; ma=2592000,h3-Q043=\":443\"; ma=2592000,quic=\":443\"; ma=2592000; v=\"46,43\"","accept-ranges":"none","transfer-encoding":"chunked"}
[debug] [2020-08-21T14:09:43.578Z] >>> HTTP REQUEST GET https://firebase.googleapis.com/v1beta1/projects/kelly-makes-vlog  
 
[debug] [2020-08-21T14:10:04.645Z] Server Error. connect ETIMEDOUT 216.58.197.106:443
[debug] [2020-08-21T14:10:04.768Z] FirebaseError: Server Error. connect ETIMEDOUT 216.58.197.106:443
    at Request._callback (C:\Users\Nero\AppData\Roaming\npm\node_modules\firebase-tools\lib\api.js:32:31)
    at self.callback (C:\Users\Nero\AppData\Roaming\npm\node_modules\firebase-tools\node_modules\request\request.js:185:22)
    at Request.emit (events.js:315:20)
    at Request.EventEmitter.emit (domain.js:482:12)
    at Request.onRequestError (C:\Users\Nero\AppData\Roaming\npm\node_modules\firebase-tools\node_modules\request\request.js:877:8)
    at ClientRequest.emit (events.js:327:22)
    at ClientRequest.EventEmitter.emit (domain.js:482:12)
    at TLSSocket.socketErrorListener (_http_client.js:426:9)
    at TLSSocket.emit (events.js:315:20)
    at TLSSocket.EventEmitter.emit (domain.js:482:12)
    at emitErrorNT (internal/streams/destroy.js:92:8)
    at emitErrorAndCloseNT (internal/streams/destroy.js:60:3)
    at processTicksAndRejections (internal/process/task_queues.js:84:21)
[error] 
[error] Error: Failed to get Firebase project kelly-makes-vlog. Please make sure the project exists and your account has permission to access it.
